
Reading in the surface file to get a vtkPolyData surface...

Building a triangle graph from the surface...
TriangleGraph generation took: 0.0 min 1.07342791557 s
The graph has 888 vertices and 5392 edges

Preparing for running modified Vector Voting...
radius_hit = 3
g_max = 4.71238898038
Maximal triangle area = 0.429288907373
epsilon = 0
eta = 0
Preparation took: 0.0 min 0.000442028045654 s

Running modified Vector Voting for all vertices...

First pass: estimating normals...
number of vertices: 888
Calling find_geodesic_neighbors
Opened a pool with 6 processes
Average number of geodesic neighbors for all vertices: 439.813063063
888 surface patches
First pass took: 0.0 min 15.2519860268 s
Maximal triangle area = 0.429288907373
Preparation took: 0.0 min 0.000514984130859 s

Second pass: estimating principle curvatures and directions for surface patches using AVV...
888 vertices to estimate curvature
Calling find_geodesic_neighbors
Opened a pool with 6 processes
Second run of VV took: 0.0 min 19.1898620129 s
Whole method took: 0.0 min 34.443862915 s
888 "kappa_1" values
min = -0.593543208307, max = -0.0343612025428, mean = -0.263014898562
888 "kappa_2" values
min = -0.654207102647, max = -0.371139630745, mean = -0.470674245602
888 "gauss_curvature_VV" values
min = 0.0143301296873, max = 0.367160123487, mean = 0.128183396661
888 "mean_curvature_VV" values
min = -0.606066798124, max = -0.223410533687, mean = -0.366844572082
888 "shape_index_VV" values
min = -0.995525071052, max = -0.552334352526, mean = -0.811363860634
888 "curvedness_VV" values
min = 0.275725804877, max = 0.606196176242, mean = 0.385750529837
888 "area" values
min = 0.0810837209697, max = 0.429288907373, mean = 0.131761310842
