/fs/fs03/lv23/pool/bmsan/apps/antonio/app/soft/anaconda2/4.3.1/bin/python2.7 /fs/pool/pool-ruben/Maria/workspace/github/polyqIB/scripts/curvature_calculation.py

Reading in the surface file to get a vtkPolyData surface...

Building a triangle graph from the surface...
Surface graph generation took: 0.0 min 1.28362488747 s
The graph has 1450 vertices and 8775 edges

Preparing for running modified Vector Voting...
radius_hit = 10
g_max = 15.7079632679
Maximal triangle area = 20.8460604165
Preparation took: 0.0 min 0.000292062759399 s

Running modified Vector Voting for all vertices...

First pass: estimating normals...
number of vertices: 1450
Opened a pool with 4 processes
Average number of geodesic neighbors for all vertices: 87.955862069
First pass took: 0.0 min 14.7977180481 s

Second pass: estimating principle curvatures and directions for surface patches using VV...
Maximal triangle area = 20.8460604165
1450 vertices to estimate curvature
Opened a pool with 4 processes
Second run of VV took: 0.0 min 13.335089922 s
Whole method took: 0.0 min 28.3196079731 s

Process finished with exit code 0

