
Reading in the surface file to get a vtkPolyData surface...

Building a triangle graph from the surface...
Surface graph generation took: 167.0 min 29.3432810307 s
The graph has 290134 vertices and 1873588 edges

Preparing for running modified Vector Voting...
radius_hit = 2
g_max = 3.14159265359
Maximal triangle area = 5.85197680309
Preparation took: 0.0 min 0.00202012062073 s

Running modified Vector Voting for all vertices...

First pass: estimating normals...
number of vertices: 290134
Opened a pool with 4 processes
Average number of geodesic neighbors for all vertices: 100.975583696
First pass took: 65.0 min 4.75674986839 s

Second pass: estimating principle curvatures and directions for surface patches using VV...
Maximal triangle area = 5.85197680309
290134 vertices to estimate curvature
Opened a pool with 4 processes
Second run of VV took: 57.0 min 20.0517301559 s
Whole method took: 123.0 min 8.29237103462 s

Reading in the surface file to get a vtkPolyData surface...

Building a triangle graph from the surface...
Surface graph generation took: 196.0 min 42.873595953 s
The graph has 290134 vertices and 1873588 edges

Preparing for running modified Vector Voting...
radius_hit = 2
g_max = 3.14159265359
Maximal triangle area = 5.85197680309
Preparation took: 0.0 min 0.00170016288757 s

Running modified Vector Voting for all vertices...

First pass: estimating normals...
number of vertices: 290134
Opened a pool with 4 processes
Average number of geodesic neighbors for all vertices: 100.975583696
First pass took: 64.0 min 7.01893687248 s

Second pass: estimating principle curvatures and directions for surface patches using VV...
Maximal triangle area = 5.85197680309
290134 vertices to estimate curvature
Opened a pool with 4 processes
Second run of VV took: 55.0 min 28.5962839127 s
Whole method took: 120.0 min 16.7136149406 s
290134 "kappa_1" values
min = -2.70287382166, max = 18.729148624, mean = 0.19856428257
290134 "kappa_2" values
min = -19.1987080551, max = 2.24259030811, mean = -0.128745438471
290134 "gauss_curvature_VV" values
min = -132.957145325, max = 11.5820780172, mean = 0.017726764153
290134 "mean_curvature_VV" values
min = -7.20738624726, max = 5.90187475935, mean = 0.0349094220493
290134 "shape_index_VV" values
min = -0.998984944651, max = 0.999714286747, mean = -0.0233260907632
290134 "curvedness_VV" values
min = 0.000502887706803, max = 14.1629091273, mean = 0.289737971378
290134 "area" values
min = 0.000302634592228, max = 5.85197680309, mean = 0.379191837887
