
Reading in the surface file to get a vtkPolyData surface...

Building a triangle graph from the surface...
TriangleGraph generation took: 0.0 min 1.06671404839 s
The graph has 876 vertices and 5301 edges

Preparing for running modified Vector Voting...
radius_hit = 3
g_max = 4.71238898038
Maximal triangle area = 0.275991726495
epsilon = 0
eta = 0
Preparation took: 0.0 min 0.000288963317871 s

Running modified Vector Voting for all vertices...

First pass: estimating normals...
number of vertices: 876
Calling find_geodesic_neighbors
Opened a pool with 6 processes
Average number of geodesic neighbors for all vertices: 439.755707763
876 surface patches
First pass took: 0.0 min 15.0379140377 s
Maximal triangle area = 0.275991726495
Preparation took: 0.0 min 0.00053596496582 s

Second pass: estimating principle curvatures and directions for surface patches using AVV...
876 vertices to estimate curvature
Calling find_geodesic_neighbors
Opened a pool with 6 processes
Second run of VV took: 0.0 min 18.7742919922 s
Whole method took: 0.0 min 33.8139300346 s
876 "kappa_1" values
min = -0.539049719641, max = -0.128751007818, mean = -0.29820009179
876 "kappa_2" values
min = -0.626422529087, max = -0.28505220923, mean = -0.411738896395
876 "gauss_curvature_VV" values
min = 0.037549670516, max = 0.318598144712, mean = 0.126553344505
876 "mean_curvature_VV" values
min = -0.566660862753, max = -0.209617325982, mean = -0.354969494092
876 "shape_index_VV" values
min = -0.995803608051, max = -0.763865463299, mean = -0.894744448289
876 "curvedness_VV" values
min = 0.222777568356, max = 0.568868106014, mean = 0.360740562971
876 "area" values
min = 0.100982942705, max = 0.275991726495, mean = 0.12916881513
