
Reading in the surface file to get a vtkPolyData surface...

Building a triangle graph from the surface...
TriangleGraph generation took: 0.0 min 1.09691095352 s
The graph has 960 vertices and 5796 edges

Preparing for running modified Vector Voting...
radius_hit = 3
g_max = 4.71238898038
Maximal triangle area = 0.246780659442
epsilon = 0
eta = 0
Preparation took: 0.0 min 0.000251054763794 s

Running modified Vector Voting for all vertices...

First pass: estimating normals...
number of vertices: 960
Calling find_geodesic_neighbors
Opened a pool with 6 processes
Average number of geodesic neighbors for all vertices: 448.660416667
960 surface patches
First pass took: 0.0 min 16.7510149479 s
Maximal triangle area = 0.246780659442
Preparation took: 0.0 min 0.00051212310791 s

Second pass: estimating principle curvatures and directions for surface patches using AVV...
960 vertices to estimate curvature
Calling find_geodesic_neighbors
Opened a pool with 6 processes
Second run of VV took: 0.0 min 21.0132260323 s
Whole method took: 0.0 min 37.766201973 s
960 "kappa_1" values
min = -0.424929949246, max = -0.152961694737, mean = -0.284448106666
960 "kappa_2" values
min = -0.483689444874, max = -0.254993822743, mean = -0.377623846171
960 "gauss_curvature_VV" values
min = 0.0454633096461, max = 0.197158611655, mean = 0.109303352906
960 "mean_curvature_VV" values
min = -0.444857925316, max = -0.221779155874, mean = -0.331035976419
960 "shape_index_VV" values
min = -0.996063647322, max = -0.794672540606, mean = -0.908559821276
960 "curvedness_VV" values
min = 0.229015731262, max = 0.445688832907, mean = 0.335136917482
960 "area" values
min = 0.108391855607, max = 0.246780659442, mean = 0.128067845486
