
Reading in the surface file to get a vtkPolyData surface...

Building a triangle graph from the surface...
TriangleGraph generation took: 0.0 min 1.29094314575 s
The graph has 1038 vertices and 6283 edges

Preparing for running modified Vector Voting...
radius_hit = 3
g_max = 4.71238898038
Maximal triangle area = 0.291386722888
epsilon = 0
eta = 0
Preparation took: 0.0 min 0.000282049179077 s

Running modified Vector Voting for all vertices...

First pass: estimating normals...
number of vertices: 1038
Calling find_geodesic_neighbors
Opened a pool with 6 processes
Average number of geodesic neighbors for all vertices: 455.547206166
1038 surface patches
First pass took: 0.0 min 18.0893440247 s
Maximal triangle area = 0.291386722888
Preparation took: 0.0 min 0.00058388710022 s

Second pass: estimating principle curvatures and directions for surface patches using AVV...
1038 vertices to estimate curvature
Calling find_geodesic_neighbors
Opened a pool with 6 processes
Second run of VV took: 0.0 min 23.4602189064 s
Whole method took: 0.0 min 41.5516710281 s
1038 "kappa_1" values
min = -0.497836103422, max = -0.0822431268501, mean = -0.258819159473
1038 "kappa_2" values
min = -0.54125462726, max = -0.195201494822, mean = -0.396217844945
1038 "gauss_curvature_VV" values
min = 0.0215630707254, max = 0.254894746675, mean = 0.107685215844
1038 "mean_curvature_VV" values
min = -0.504920725003, max = -0.157154966126, mean = -0.327518502209
1038 "shape_index_VV" values
min = -0.998789882689, max = -0.686535571657, mean = -0.861332548373
1038 "curvedness_VV" values
min = 0.162920809311, max = 0.504970425273, mean = 0.336256561415
1038 "area" values
min = 0.101206286249, max = 0.291386722888, mean = 0.128795820641
