
Reading in the surface file to get a vtkPolyData surface...

Building a triangle graph from the surface...
TriangleGraph generation took: 0.0 min 1.1093351841 s
The graph has 902 vertices and 5441 edges

Preparing for running modified Vector Voting...
radius_hit = 3
g_max = 4.71238898038
Maximal triangle area = 0.271914306806
epsilon = 0
eta = 0
Preparation took: 0.0 min 0.000271081924438 s

Running modified Vector Voting for all vertices...

First pass: estimating normals...
number of vertices: 902
Calling find_geodesic_neighbors
Opened a pool with 6 processes
Average number of geodesic neighbors for all vertices: 441.45232816
902 surface patches
First pass took: 0.0 min 15.2459568977 s
Maximal triangle area = 0.271914306806
Preparation took: 0.0 min 0.00037407875061 s

Second pass: estimating principle curvatures and directions for surface patches using AVV...
902 vertices to estimate curvature
Calling find_geodesic_neighbors
Opened a pool with 6 processes
Second run of VV took: 0.0 min 19.1521308422 s
Whole method took: 0.0 min 34.3994429111 s
902 "kappa_1" values
min = -0.426600058333, max = -0.144558143074, mean = -0.290538052954
902 "kappa_2" values
min = -0.50703344945, max = -0.269680597618, mean = -0.387905190868
902 "gauss_curvature_VV" values
min = 0.0423099316339, max = 0.208577623398, mean = 0.114704765622
902 "mean_curvature_VV" values
min = -0.458173060743, max = -0.218621334706, mean = -0.339221621911
902 "shape_index_VV" values
min = -0.995555291107, max = -0.781952673594, mean = -0.906053199947
902 "curvedness_VV" values
min = 0.229957766198, max = 0.459638427226, mean = 0.34359759357
902 "area" values
min = 0.109976003861, max = 0.271914306806, mean = 0.127853935305
