
Reading in the surface file to get a vtkPolyData surface...

Building a triangle graph from the surface...
TriangleGraph generation took: 0.0 min 1.16067814827 s
The graph has 996 vertices and 6026 edges

Preparing for running modified Vector Voting...
radius_hit = 3
g_max = 4.71238898038
Maximal triangle area = 0.3387983822
epsilon = 0
eta = 0
Preparation took: 0.0 min 0.000221014022827 s

Running modified Vector Voting for all vertices...

First pass: estimating normals...
number of vertices: 996
Calling find_geodesic_neighbors
Opened a pool with 6 processes
Average number of geodesic neighbors for all vertices: 447.865461847
996 surface patches
First pass took: 0.0 min 17.0720357895 s
Maximal triangle area = 0.3387983822
Preparation took: 0.0 min 0.000595092773438 s

Second pass: estimating principle curvatures and directions for surface patches using AVV...
996 vertices to estimate curvature
Calling find_geodesic_neighbors
Opened a pool with 6 processes
Second run of VV took: 0.0 min 22.2553770542 s
Whole method took: 0.0 min 39.3292520046 s
996 "kappa_1" values
min = -0.450972690448, max = -0.0446695878962, mean = -0.255666873108
996 "kappa_2" values
min = -0.517743859358, max = -0.23539070584, mean = -0.405873991151
996 "gauss_curvature_VV" values
min = 0.0150935273433, max = 0.221056301921, mean = 0.107429656114
996 "mean_curvature_VV" values
min = -0.47094077384, max = -0.182924018529, mean = -0.330770432129
996 "shape_index_VV" values
min = -0.99656601815, max = -0.583676243612, mean = -0.845822919055
996 "curvedness_VV" values
min = 0.194297271103, max = 0.471714026725, mean = 0.342472305794
996 "area" values
min = 0.106365859404, max = 0.3387983822, mean = 0.129968509665
