
Reading in the surface file to get a vtkPolyData surface...

Building a triangle graph from the surface...
TriangleGraph generation took: 0.0 min 1.92165279388 s
The graph has 1356 vertices and 8254 edges

Preparing for running modified Vector Voting...
radius_hit = 3
g_max = 4.71238898038
Maximal triangle area = 0.475238462438
epsilon = 0
eta = 0
Preparation took: 0.0 min 0.000258922576904 s

Running modified Vector Voting for all vertices...

First pass: estimating normals...
number of vertices: 1356
Calling find_geodesic_neighbors
Opened a pool with 6 processes
Average number of geodesic neighbors for all vertices: 466.249262537
1356 surface patches
First pass took: 0.0 min 24.236276865 s
Maximal triangle area = 0.475238462438
Preparation took: 0.0 min 0.000482082366943 s

Second pass: estimating principle curvatures and directions for surface patches using AVV...
1356 vertices to estimate curvature
Calling find_geodesic_neighbors
Opened a pool with 6 processes
Second run of VV took: 0.0 min 30.8753590584 s
Whole method took: 0.0 min 55.1136250496 s
1356 "kappa_1" values
min = -0.425772986215, max = -0.000101738643586, mean = -0.223504225688
1356 "kappa_2" values
min = -0.569080791413, max = -0.00572222217494, mean = -0.342514873936
1356 "gauss_curvature_VV" values
min = 7.95866144633e-07, max = 0.213938085, mean = 0.0852880367085
1356 "mean_curvature_VV" values
min = -0.464882960112, max = -0.00293065279, mean = -0.283009549812
1356 "shape_index_VV" values
min = -0.996945607816, max = -0.507915738649, mean = -0.864744163042
1356 "curvedness_VV" values
min = 0.00404741712781, max = 0.471613975291, mean = 0.290347776147
1356 "area" values
min = 0.0649694513054, max = 0.475238462438, mean = 0.130463028207
