
Reading in the surface file to get a vtkPolyData surface...

Building a triangle graph from the surface...
TriangleGraph generation took: 0.0 min 1.17346715927 s
The graph has 1032 vertices and 6261 edges

Preparing for running modified Vector Voting...
radius_hit = 3
g_max = 4.71238898038
Maximal triangle area = 0.338518503025
epsilon = 0
eta = 0
Preparation took: 0.0 min 0.00023889541626 s

Running modified Vector Voting for all vertices...

First pass: estimating normals...
number of vertices: 1032
Calling find_geodesic_neighbors
Opened a pool with 6 processes
Average number of geodesic neighbors for all vertices: 450.151162791
1032 surface patches
First pass took: 0.0 min 18.2010569572 s
Maximal triangle area = 0.338518503025
Preparation took: 0.0 min 0.000568151473999 s

Second pass: estimating principle curvatures and directions for surface patches using AVV...
1032 vertices to estimate curvature
Calling find_geodesic_neighbors
Opened a pool with 6 processes
Second run of VV took: 0.0 min 22.9554300308 s
Whole method took: 0.0 min 41.1584069729 s
1032 "kappa_1" values
min = -0.548580297877, max = -0.00457005088323, mean = -0.272928859485
1032 "kappa_2" values
min = -0.623020577758, max = -0.107966631559, mean = -0.392717517821
1032 "gauss_curvature_VV" values
min = 0.00058520265456, max = 0.310023419164, mean = 0.117374728974
1032 "mean_curvature_VV" values
min = -0.557244054801, max = -0.0622156721065, mean = -0.332823188653
1032 "shape_index_VV" values
min = -0.995374075378, max = -0.522710757471, mean = -0.876229416128
1032 "curvedness_VV" values
min = 0.0772265507875, max = 0.557690285066, mean = 0.339445223265
1032 "area" values
min = 0.00788230392128, max = 0.338518503025, mean = 0.130206845139
