
Reading in the surface file to get a vtkPolyData surface...

Building a triangle graph from the surface...
TriangleGraph generation took: 0.0 min 0.647617101669 s
The graph has 586 vertices and 3528 edges

Preparing for running modified Vector Voting...
radius_hit = 3
g_max = 4.71238898038
Maximal triangle area = 0.277301825258
epsilon = 0
eta = 0
Preparation took: 0.0 min 0.000231027603149 s

Running modified Vector Voting for all vertices...

First pass: estimating normals...
number of vertices: 586
Calling find_geodesic_neighbors
Opened a pool with 6 processes
Average number of geodesic neighbors for all vertices: 397.969283276
586 surface patches
First pass took: 0.0 min 9.3369140625 s
Maximal triangle area = 0.277301825258
Preparation took: 0.0 min 0.000525951385498 s

Second pass: estimating principle curvatures and directions for surface patches using AVV...
586 vertices to estimate curvature
Calling find_geodesic_neighbors
Opened a pool with 6 processes
Second run of VV took: 0.0 min 11.9447870255 s
Whole method took: 0.0 min 21.2831680775 s
586 "kappa_1" values
min = -0.482370954612, max = -0.286370541892, mean = -0.385548409812
586 "kappa_2" values
min = -0.506738733848, max = -0.393673403333, mean = -0.455834982666
586 "gauss_curvature_VV" values
min = 0.113658631758, max = 0.240408416113, mean = 0.176398695794
586 "mean_curvature_VV" values
min = -0.490580773962, max = -0.341453579697, mean = -0.420691696239
586 "shape_index_VV" values
min = -0.996164853559, max = -0.886077281278, mean = -0.945454650959
586 "curvedness_VV" values
min = 0.345720208286, max = 0.490846794274, mean = 0.422590153954
586 "area" values
min = 0.101575052859, max = 0.277301825258, mean = 0.127140933232
