
Reading in the surface file to get a vtkPolyData surface...

Building a triangle graph from the surface...
TriangleGraph generation took: 0.0 min 1.20345497131 s
The graph has 1022 vertices and 6185 edges

Preparing for running modified Vector Voting...
radius_hit = 3
g_max = 4.71238898038
Maximal triangle area = 0.3078680928
epsilon = 0
eta = 0
Preparation took: 0.0 min 0.000286102294922 s

Running modified Vector Voting for all vertices...

First pass: estimating normals...
number of vertices: 1022
Calling find_geodesic_neighbors
Opened a pool with 6 processes
Average number of geodesic neighbors for all vertices: 452.414872798
1022 surface patches
First pass took: 0.0 min 18.8340218067 s
Maximal triangle area = 0.3078680928
Preparation took: 0.0 min 0.000396966934204 s

Second pass: estimating principle curvatures and directions for surface patches using AVV...
1022 vertices to estimate curvature
Calling find_geodesic_neighbors
Opened a pool with 6 processes
Second run of VV took: 0.0 min 23.2238070965 s
Whole method took: 0.0 min 42.0593421459 s
1022 "kappa_1" values
min = -0.465457506054, max = -0.0938611558032, mean = -0.265656278492
1022 "kappa_2" values
min = -0.521138700715, max = -0.196315726597, mean = -0.383104471012
1022 "gauss_curvature_VV" values
min = 0.0197902379647, max = 0.220995797239, mean = 0.105274476941
1022 "mean_curvature_VV" values
min = -0.470181113951, max = -0.150418287443, mean = -0.324380374752
1022 "shape_index_VV" values
min = -0.99724150706, max = -0.751984338006, mean = -0.879209128066
1022 "curvedness_VV" values
min = 0.157270338219, max = 0.47026031365, mean = 0.331074067386
1022 "area" values
min = 0.102928608994, max = 0.3078680928, mean = 0.128267524098
